

*******************************************************************************
Mon Feb 27 18:30:55 2017


FIT:    data read from "time_mejor.dat"
        #datapoints = 101
        residuals are weighted equally (unit weight)

function used for fitting: f(x)
fitted parameters initialized with current variable values



 Iteration 0
 WSSR        : 3.3834e+11        delta(WSSR)/WSSR   : 0
 delta(WSSR) : 0                 limit for stopping : 1e-05
 lambda	  : 40926.8

initial set of free parameter values

a               = 1
b               = 1

After 9 iterations the fit converged.
final sum of squares of residuals : 5.44726e-08
rel. change during last iteration : -2.42964e-16

degrees of freedom    (FIT_NDF)                        : 99
rms of residuals      (FIT_STDFIT) = sqrt(WSSR/ndf)    : 2.34569e-05
variance of residuals (reduced chisquare) = WSSR/ndf   : 5.50228e-10

Final set of parameters            Asymptotic Standard Error
=======================            ==========================

a               = 3.78456e-09      +/- 8.006e-11    (2.115%)
b               = -1.78879e-06     +/- 4.634e-06    (259%)


correlation matrix of the fit parameters:

               a      b      
a               1.000 
b               0.864  1.000 
